<?xml version="1.0" encoding="UTF-8" ?>
<testsuite tests="5" failures="0" name="com.assignment.oop.Util.NumToEngContTest" time="0.097" errors="0" skipped="0">
  <properties>
[...]
</properties>
  <testcase classname="com.assignment.oop.Util.NumToEngContTest" name="testContToEngDig1To19" time="0.002"/>
  <testcase classname="com.assignment.oop.Util.NumToEngContTest" name="testContToEngDig21To29" time="0"/>
  <testcase classname="com.assignment.oop.Util.NumToEngContTest" name="testContToEngDigTens10To90" time="0"/>
  <testcase classname="com.assignment.oop.Util.NumToEngContTest" name="testContToEngDigNegNo" time="0"/>
  <testcase classname="com.assignment.oop.Util.NumToEngContTest" name="testContToEngRandomNo" time="0.001"/>
</testsuite>